<?xml version="1.0" encoding="UTF-8"?>
<!-- Generated by org.testng.reporters.JUnitXMLReporter -->
<testsuite hostname="DESKTOP-Q2R61H0" name="Command line test" tests="3" failures="0" timestamp="25 Nov 2015 10:12:44 GMT" time="0.031" errors="0">
  <testcase name="FirstTest" time="0.0" classname="src.MyClassTest"/>
  <testcase name="SecondTest" time="0.0" classname="src.MyClassTest"/>
  <testcase name="ThirdTestNegative" time="0.0" classname="src.MyClassTest"/>
</testsuite> <!-- Command line test -->
