<?xml version="1.0" encoding="UTF-8"?>
<!-- Generated by org.testng.reporters.JUnitXMLReporter -->
<testsuite hostname="DESKTOP-Q2R61H0" name="Positive Tests" tests="8" failures="0" timestamp="30 Nov 2015 14:05:19 GMT" time="0.064" errors="0">
  <testcase name="FirstTest" time="0.004" classname="MyPackage1.MyFirstTest"/>
  <testcase name="SecondTest" time="0.002" classname="MyPackage1.MyFirstTest"/>
  <testcase name="FirstTest" time="0.001" classname="package2.MySecondTest"/>
  <testcase name="SecondTest" time="0.0" classname="package2.MySecondTest"/>
  <testcase name="FourthTestNegative" time="0.005" classname="MyPackage1.MyFirstTest"/>
  <testcase name="ThirdTestNegative" time="0.001" classname="MyPackage1.MyFirstTest"/>
  <testcase name="FourthTestNegative" time="0.008" classname="package2.MySecondTest"/>
  <testcase name="ThirdTestNegative" time="0.002" classname="package2.MySecondTest"/>
</testsuite> <!-- Positive Tests -->
