<?xml version="1.0" encoding="UTF-8"?>
<!-- Generated by org.testng.reporters.JUnitXMLReporter -->
<testsuite hostname="DESKTOP-Q2R61H0" name="Regression1" tests="4" failures="0" timestamp="30 Nov 2015 09:22:39 GMT" time="0.051" errors="0">
  <testcase name="FirstTest" time="0.013" classname="MyPackage1.MyClassTest"/>
  <testcase name="FourthTestNegative" time="0.007" classname="MyPackage1.MyClassTest"/>
  <testcase name="SecondTest" time="0.002" classname="MyPackage1.MyClassTest"/>
  <testcase name="ThirdTestNegative" time="0.002" classname="MyPackage1.MyClassTest"/>
</testsuite> <!-- Regression1 -->
