<?xml version="1.0" encoding="UTF-8"?>
<!-- Generated by org.testng.reporters.JUnitXMLReporter -->
<testsuite hostname="DESKTOP-Q2R61H0" name="Default test" tests="12" failures="0" timestamp="27 Nov 2015 13:56:27 GMT" time="0.096" errors="0">
  <testcase name="FirstTest" time="0.004" classname="package2.MySecondTest"/>
  <testcase name="FourthTestNegative" time="0.003" classname="package2.MySecondTest"/>
  <testcase name="SecondTest" time="0.001" classname="package2.MySecondTest"/>
  <testcase name="ThirdTestNegative" time="0.002" classname="package2.MySecondTest"/>
  <testcase name="FirstTest" time="0.002" classname="MyClassTest"/>
  <testcase name="FourthTestNegative" time="0.008" classname="MyClassTest"/>
  <testcase name="SecondTest" time="0.007" classname="MyClassTest"/>
  <testcase name="ThirdTestNegative" time="0.002" classname="MyClassTest"/>
  <testcase name="FirstTest" time="0.002" classname="MyPackage1.MyFirstTest"/>
  <testcase name="FourthTestNegative" time="0.003" classname="MyPackage1.MyFirstTest"/>
  <testcase name="SecondTest" time="0.001" classname="MyPackage1.MyFirstTest"/>
  <testcase name="ThirdTestNegative" time="0.001" classname="MyPackage1.MyFirstTest"/>
</testsuite> <!-- Default test -->
