<?xml version="1.0" encoding="UTF-8"?>
<!-- Generated by org.testng.reporters.JUnitXMLReporter -->
<testsuite hostname="DESKTOP-Q2R61H0" name="Command line test" tests="12" failures="0" timestamp="27 Nov 2015 14:21:54 GMT" time="0.072" errors="0">
  <testcase name="FirstTest" time="0.001" classname="MyClassTest"/>
  <testcase name="FourthTestNegative" time="0.007" classname="MyClassTest"/>
  <testcase name="SecondTest" time="0.0" classname="MyClassTest"/>
  <testcase name="ThirdTestNegative" time="0.0" classname="MyClassTest"/>
  <testcase name="FirstTest" time="0.001" classname="MyPackage1.MyClassTest"/>
  <testcase name="FourthTestNegative" time="0.009" classname="MyPackage1.MyClassTest"/>
  <testcase name="SecondTest" time="0.0" classname="MyPackage1.MyClassTest"/>
  <testcase name="ThirdTestNegative" time="0.001" classname="MyPackage1.MyClassTest"/>
  <testcase name="FirstTest" time="0.001" classname="package2.MyClassTest"/>
  <testcase name="FourthTestNegative" time="0.005" classname="package2.MyClassTest"/>
  <testcase name="SecondTest" time="0.001" classname="package2.MyClassTest"/>
  <testcase name="ThirdTestNegative" time="0.001" classname="package2.MyClassTest"/>
</testsuite> <!-- Command line test -->
