<?xml version="1.0" encoding="UTF-8"?>
<!-- Generated by org.testng.reporters.JUnitXMLReporter -->
<testsuite hostname="DESKTOP-Q2R61H0" tests="4" failures="0" timestamp="25 Nov 2015 15:36:18 GMT" time="0.054" errors="0">
  <testcase name="FirstTest" time="0.001" classname="MyClassTest"/>
  <testcase name="FourthTestNegative" time="0.018" classname="MyClassTest"/>
  <testcase name="SecondTest" time="0.002" classname="MyClassTest"/>
  <testcase name="ThirdTestNegative" time="0.001" classname="MyClassTest"/>
</testsuite>
